1: Santa: going to sleep
2: Elf 1: started 
3: Elf 2: started 
4: RD 1: rstarted 
5: RD 2: rstarted 
6: Elf 3: started 
7: Elf 1: need help
8: RD 3: rstarted 
9: Elf 5: started 
10: RD 4: rstarted 
11: RD 5: rstarted 
12: Elf 4: started 
13: Elf 2: need help
14: Elf 4: need help
15: Elf 6: started 
16: Elf 7: started 
17: Elf 9: started 
18: Elf 10: started 
19: Elf 11: started 
20: Elf 13: started 
21: Elf 12: started 
22: Elf 3: need help
23: Elf 12: need help
24: Elf 14: started 
25: Elf 15: started 
26: Elf 18: started 
27: Elf 19: started 
28: Elf 20: started 
29: Elf 16: started 
30: Elf 5: need help
31: Elf 8: started 
32: Santa: helping elves
33: Elf 8: need help
34: Elf 6: need help
35: Elf 8: get help
36: Elf 2: get help
37: Elf 9: need help
38: Elf 11: need help
39: RD 1: return home
40: Elf 13: need help
41: Elf 14: need help
42: RD 3: return home
43: Elf 15: need help
44: Elf 18: need help
45: Elf 19: need help
46: Elf 20: need help
47: RD 4: return home
48: Elf 16: need help
49: Elf 7: need help
50: Elf 1: get help
51: Elf 8: need help
52: Elf 10: need help
53: Elf 2: need help
54: Elf 17: started 
posted santa
55: Elf 1: need help
56: Santa: going to sleep
57: Santa: helping elves
58: Elf 17: need help
59: Elf 3: get help
60: Elf 5: get help
61: Elf 12: get help
62: Elf 3: need help
posted santa
63: Elf 5: need help
64: Elf 12: need help
65: Santa: going to sleep
66: Santa: helping elves
67: Elf 4: get help
68: Elf 9: get help
69: Elf 4: need help
70: Elf 6: get help
71: Elf 9: need help
72: Santa: going to sleep
73: Santa: helping elves
posted santa
74: Elf 6: need help
75: Elf 6: get help
76: Elf 13: get help
77: Elf 6: need help
78: Elf 13: need help
79: Elf 11: get help
80: Santa: going to sleep
81: Santa: helping elves
posted santa
82: Elf 11: need help
83: Elf 11: get help
84: Elf 18: get help
85: Elf 15: get help
86: Elf 18: need help
87: Elf 11: need help
posted santa
88: Elf 15: need help
89: Santa: going to sleep
90: Santa: helping elves
91: Elf 20: get help
92: Elf 16: get help
93: Elf 7: get help
94: Elf 20: need help
95: Elf 16: need help
96: Santa: going to sleep
97: Santa: helping elves
posted santa
98: Elf 7: need help
99: Elf 7: get help
100: Elf 10: get help
101: Elf 7: need help
102: Elf 10: need help
103: Elf 8: get help
104: Santa: going to sleep
105: Santa: helping elves
posted santa
106: Elf 8: need help
107: Elf 8: get help
108: Elf 1: get help
109: Elf 17: get help
110: Elf 1: need help
111: Elf 8: need help
112: Santa: going to sleep
113: Santa: helping elves
posted santa
114: Elf 17: need help
115: Elf 12: get help
116: Elf 12: need help
117: Elf 5: get help
118: Elf 5: need help
119: Elf 17: get help
posted santa
120: Elf 17: need help
121: Santa: going to sleep
122: Santa: helping elves
123: Elf 9: get help
124: Elf 6: get help
125: Elf 9: need help
126: Elf 14: get help
127: Elf 6: need help
posted santa
128: Elf 14: need help
129: Santa: going to sleep
130: Santa: helping elves
131: Elf 13: get help
132: Elf 19: get help
133: Elf 18: get help
134: Elf 19: need help
135: Elf 13: need help
posted santa
136: Elf 18: need help
137: RD 2: return home
138: Santa: going to sleep
139: Santa: helping elves
140: Elf 11: get help
141: Elf 15: get help
142: Elf 16: get help
143: Elf 11: need help
144: Santa: going to sleep
145: Elf 15: need help
posted santa
146: Elf 16: need help
147: Santa: helping elves
148: Elf 20: get help
149: Elf 2: get help
150: Elf 20: need help
151: Elf 7: get help
152: Elf 2: need help
153: Santa: going to sleep
154: Santa: helping elves
posted santa
155: Elf 7: need help
156: Elf 7: get help
157: Elf 10: get help
158: Elf 3: get help
159: Elf 10: need help
160: Elf 7: need help
161: Santa: going to sleep
162: Santa: helping elves
posted santa
163: Elf 3: need help
164: Elf 3: get help
165: Elf 4: get help
166: Elf 8: get help
167: Elf 3: need help
168: Elf 4: need help
posted santa
169: Elf 8: need help
170: Santa: going to sleep
171: Santa: helping elves
172: Elf 5: get help
173: Elf 17: get help
174: Elf 5: need help
175: Elf 9: get help
176: Elf 17: need help
177: Santa: going to sleep
178: Santa: helping elves
posted santa
179: Elf 9: need help
180: Elf 9: get help
181: Elf 14: get help
182: Elf 9: need help
183: Elf 14: need help
184: Elf 6: get help
185: Santa: going to sleep
186: Santa: helping elves
posted santa
187: Elf 6: need help
188: Elf 6: get help
189: Elf 18: get help
190: Elf 13: get help
191: Elf 18: need help
192: Santa: going to sleep
193: Santa: helping elves
posted santa
194: Elf 13: need help
195: Elf 6: need help
196: Elf 15: get help
197: Elf 13: get help
198: Elf 6: get help
199: Elf 13: need help
posted santa
200: Elf 6: need help
201: Elf 15: need help
202: Santa: going to sleep
203: Santa: helping elves
204: Elf 2: get help
205: Elf 10: get help
206: Elf 2: need help
207: Elf 1: get help
208: Elf 10: need help
209: Santa: going to sleep
210: Santa: helping elves
211: RD 5: return home
212: Elf 7: get help
posted santa
213: Elf 1: need help
214: Elf 3: get help
215: Elf 12: get help
216: Elf 7: need help
217: Santa: going to sleep
218: Elf 3: need help
posted santa
219: Elf 12: need help
220: Santa: closing workshop
221: Elf 4: taking holidays
222: Elf 8: taking holidays
223: Elf 17: taking holidays
224: Elf 5: taking holidays
225: Elf 14: taking holidays
226: Elf 11: taking holidays
227: Elf 9: taking holidays
228: Elf 19: taking holidays
229: Elf 6: taking holidays
230: Elf 18: taking holidays
231: Elf 2: taking holidays
232: Elf 20: taking holidays
233: Elf 3: taking holidays
234: Elf 1: taking holidays
235: Elf 15: taking holidays
236: Elf 7: taking holidays
237: Elf 13: taking holidays
238: Elf 12: taking holidays
239: RD 4: get hitched
240: RD 5: get hitched
241: Elf 10: taking holidays
242: RD 3: get hitched
243: RD 1: get hitched
244: Elf 16: taking holidays
245: RD 2: get hitched
246: Santa: Christmas started
